[38;5;112m[Appium][0m Welcome to Appium v3.2.0 (REV 125c041acb3bbfe7711430a26c516c2cbfc86e4b)
[38;5;112m[Appium][0m Non-default server args:
[38;5;112m[Appium][0m { loglevel: [32m'info'[39m }
[38;5;112m[Appium][0m Attempting to load driver uiautomator2...
[38;5;112m[Appium][0m Appium REST http interface listener started on http://0.0.0.0:4723
[38;5;112m[Appium][0m You can provide the following URLs in your client code to connect to this server:
	http://127.0.0.1:4723/ (only accessible from the same host)
	http://127.0.0.2:4723/ (only accessible from the same host)
	http://192.168.1.187:4723/
	http://100.64.228.235:4723/
[38;5;112m[Appium][0m Available drivers:
[38;5;112m[Appium][0m   - uiautomator2@7.0.0 (automationName 'UiAutomator2')
[38;5;112m[Appium][0m No plugins have been installed. Use the "appium plugin" command to install the one(s) you want to use.
[38;5;86m[HTTP][0m [37m-->[39m [37mPOST[39m [37m/session[39m [90m{"capabilities":{"firstMatch":[{}],"alwaysMatch":{"platformName":"Android","appium:automationName":"UiAutomator2"}}}[39m
[38;5;112m[Appium][0m Attempting to find matching driver for automationName 'UiAutomator2' and platformName 'Android'
[38;5;112m[Appium][0m The 'uiautomator2' driver was installed and matched caps.
[38;5;112m[Appium][0m Will require it at /Users/Vinicius_Fagundes/.appium/node_modules/appium-uiautomator2-driver
[38;5;188m[AppiumDriver@1fdc][0m Appium v3.2.0 creating new AndroidUiautomator2Driver (v7.0.0) session
[38;5;188m[AppiumDriver@1fdc][0m Checking BaseDriver versions for Appium and AndroidUiautomator2Driver
[38;5;188m[AppiumDriver@1fdc][0m Appium's BaseDriver version is 10.2.0
[38;5;188m[AppiumDriver@1fdc][0m AndroidUiautomator2Driver's BaseDriver version is 10.2.0
[38;5;101m[f07a0af4][0m[38;5;-55m[AndroidUiautomator2Driver@c0b1][0m Session created with session id: f07a0af4-ed1a-46ba-8298-ea992d885954
[38;5;101m[f07a0af4][0m[38;5;229m[ADB][0m Found 1 'build-tools' folders under '/Users/Vinicius_Fagundes/Library/Android/sdk' (newest first):
[38;5;101m[f07a0af4][0m[38;5;229m[ADB][0m     /Users/Vinicius_Fagundes/Library/Android/sdk/build-tools/36.1.0
[38;5;101m[f07a0af4][0m[38;5;229m[ADB][0m Using 'adb' from '/Users/Vinicius_Fagundes/Library/Android/sdk/platform-tools/adb'
[38;5;101m[f07a0af4][0m[38;5;-55m[AndroidUiautomator2Driver@c0b1][0m Retrieving device list
[38;5;101m[f07a0af4][0m[38;5;-55m[AndroidUiautomator2Driver@c0b1][0m Using device: R3CX506LSLY
[38;5;101m[f07a0af4][0m[38;5;229m[ADB][0m Using 'adb' from '/Users/Vinicius_Fagundes/Library/Android/sdk/platform-tools/adb'
[38;5;101m[f07a0af4][0m[38;5;-55m[AndroidUiautomator2Driver@c0b1][0m Neither 'app' nor 'appPackage' was set. Starting UiAutomator2 without the target application
[38;5;101m[f07a0af4][0m[38;5;229m[ADB][0m Getting device platform version
[38;5;101m[f07a0af4][0m[38;5;-55m[AndroidUiautomator2Driver@c0b1][0m Relaxing hidden api policy
[38;5;101m[f07a0af4][0m[38;5;229m[ADB][0m Using 'aapt2' from '/Users/Vinicius_Fagundes/Library/Android/sdk/build-tools/36.1.0/aapt2'
[38;5;101m[f07a0af4][0m[38;5;-55m[AndroidUiautomator2Driver@c0b1][0m Server packages are not going to be (re)installed
[38;5;101m[f07a0af4][0m[38;5;229m[ADB][0m Adding packages ["io.appium.settings","io.appium.uiautomator2.server","io.appium.uiautomator2.server.test"] to Doze whitelist
[38;5;101m[f07a0af4][0m[38;5;-55m[AndroidUiautomator2Driver@c0b1][0m Starting UIAutomator2 server 9.11.1
[38;5;101m[f07a0af4][0m[38;5;-55m[AndroidUiautomator2Driver@c0b1][0m Using UIAutomator2 server from '/Users/Vinicius_Fagundes/.appium/node_modules/appium-uiautomator2-driver/node_modules/appium-uiautomator2-server/apks/appium-uiautomator2-server-v9.11.1.apk' and test from '/Users/Vinicius_Fagundes/.appium/node_modules/appium-uiautomator2-driver/node_modules/appium-uiautomator2-server/apks/appium-uiautomator2-server-debug-androidTest.apk'
[38;5;101m[f07a0af4][0m[38;5;-55m[AndroidUiautomator2Driver@c0b1][0m Waiting up to 30000ms for UiAutomator2 to be online...
[38;5;101m[f07a0af4][0m[38;5;-55m[AndroidUiautomator2Driver@c0b1][0m socket hang up
[38;5;101m[f07a0af4][0m[38;5;-55m[AndroidUiautomator2Driver@c0b1][0m socket hang up
[38;5;101m[f07a0af4][0m[38;5;-55m[AndroidUiautomator2Driver@c0b1][0m Determined the downstream protocol as 'W3C'
[38;5;101m[f07a0af4][0m[38;5;-55m[AndroidUiautomator2Driver@c0b1][0m Screen already unlocked, doing nothing
[38;5;101m[f07a0af4][0m[38;5;188m[AppiumDriver@1fdc][0m New AndroidUiautomator2Driver session created successfully, session f07a0af4-ed1a-46ba-8298-ea992d885954 added to master session list
[38;5;101m[f07a0af4][0m[38;5;86m[HTTP][0m [37m<-- POST /session [39m[32m200[39m [90m4801 ms - 712[39m [90m[39m
[38;5;101m[f07a0af4][0m[38;5;86m[HTTP][0m [37m-->[39m [37mPOST[39m [37m/session/f07a0af4-ed1a-46ba-8298-ea992d885954/execute/sync[39m [90m{"script":"mobile: startActivity","args":[{"component":"com.android.settings/.Settings","appPackage":"com.android.settings"}]}[39m
[38;5;101m[f07a0af4][0m[38;5;123m[BaseDriver][0m The following arguments are not known and will be ignored: appPackage
[38;5;101m[f07a0af4][0m[38;5;86m[HTTP][0m [37m<-- POST /session/f07a0af4-ed1a-46ba-8298-ea992d885954/execute/sync [39m[32m200[39m [90m268 ms - 67[39m [90m[39m
[38;5;101m[f07a0af4][0m[38;5;86m[HTTP][0m [37m-->[39m [37mPOST[39m [37m/session/f07a0af4-ed1a-46ba-8298-ea992d885954/element[39m [90m{"using":"xpath","value":"//*[@text='Settings' or @text='Config' or @text='Configurações' or @resource-id='com.android.settings:id/homepage_title']"}[39m
[38;5;101m[f07a0af4][0m[38;5;-55m[AndroidUiautomator2Driver@c0b1][0m Got response with status 404: {"sessionId":"28994813-e2d4-4663-b549-3bfa22f8a967","value":{"error":"no such element","message":"An element could not be located on the page using the given search parameters","stacktrace":"io.appium.uiautomator2.common.exceptions.ElementNotFoundException: An element could not be located on the page using the given search parameters\n\tat io.appium.uiautomator2.utils.ElementLocationHelpers.findElement(ElementLocationHelpers.java:153)\n\tat io.appium.uiautomator2.handler.FindElement.safeHandle(FindElement.java:60)\n\tat io.appium.uiautomator2.handler.request.SafeRequestHandler.handle(SafeRequestHandler.java:59)\n\tat io.appium.uiautomator2.server.AppiumServlet.handleRequest(AppiumServlet.java:267)\n\tat io.appium.uiautomator2.server.AppiumServlet.handleHttpRequest(AppiumServlet.java:261)\n\tat io.appium.uiautomator2.http.ServerHandler.channelRead(ServerHandler.java:77)\n\tat io.netty.channel.AbstractChannelHandlerContext.fireChannelRead(AbstractChannelHandlerContext.java:356)\n\tat io.netty.handler.codec.M...
[38;5;101m[f07a0af4][0m[38;5;86m[HTTP][0m [37m<-- POST /session/f07a0af4-ed1a-46ba-8298-ea992d885954/element [39m[33m404[39m [90m3289 ms - 867[39m [90m[39m
[38;5;101m[f07a0af4][0m[38;5;86m[HTTP][0m [37m-->[39m [37mPOST[39m [37m/session/f07a0af4-ed1a-46ba-8298-ea992d885954/element[39m [90m{"using":"xpath","value":"//*[@text='Settings' or @text='Config' or @text='Configurações' or @resource-id='com.android.settings:id/homepage_title']"}[39m
[38;5;101m[f07a0af4][0m[38;5;-55m[AndroidUiautomator2Driver@c0b1][0m Got response with status 404: {"sessionId":"28994813-e2d4-4663-b549-3bfa22f8a967","value":{"error":"no such element","message":"An element could not be located on the page using the given search parameters","stacktrace":"io.appium.uiautomator2.common.exceptions.ElementNotFoundException: An element could not be located on the page using the given search parameters\n\tat io.appium.uiautomator2.utils.ElementLocationHelpers.findElement(ElementLocationHelpers.java:153)\n\tat io.appium.uiautomator2.handler.FindElement.safeHandle(FindElement.java:60)\n\tat io.appium.uiautomator2.handler.request.SafeRequestHandler.handle(SafeRequestHandler.java:59)\n\tat io.appium.uiautomator2.server.AppiumServlet.handleRequest(AppiumServlet.java:267)\n\tat io.appium.uiautomator2.server.AppiumServlet.handleHttpRequest(AppiumServlet.java:261)\n\tat io.appium.uiautomator2.http.ServerHandler.channelRead(ServerHandler.java:77)\n\tat io.netty.channel.AbstractChannelHandlerContext.fireChannelRead(AbstractChannelHandlerContext.java:356)\n\tat io.netty.handler.codec.M...
[38;5;101m[f07a0af4][0m[38;5;86m[HTTP][0m [37m<-- POST /session/f07a0af4-ed1a-46ba-8298-ea992d885954/element [39m[33m404[39m [90m713 ms - 867[39m [90m[39m
[38;5;101m[f07a0af4][0m[38;5;86m[HTTP][0m [37m-->[39m [37mPOST[39m [37m/session/f07a0af4-ed1a-46ba-8298-ea992d885954/element[39m [90m{"using":"xpath","value":"//*[@text='Settings' or @text='Config' or @text='Configurações' or @resource-id='com.android.settings:id/homepage_title']"}[39m
[38;5;101m[f07a0af4][0m[38;5;-55m[AndroidUiautomator2Driver@c0b1][0m Got response with status 404: {"sessionId":"28994813-e2d4-4663-b549-3bfa22f8a967","value":{"error":"no such element","message":"An element could not be located on the page using the given search parameters","stacktrace":"io.appium.uiautomator2.common.exceptions.ElementNotFoundException: An element could not be located on the page using the given search parameters\n\tat io.appium.uiautomator2.utils.ElementLocationHelpers.findElement(ElementLocationHelpers.java:153)\n\tat io.appium.uiautomator2.handler.FindElement.safeHandle(FindElement.java:60)\n\tat io.appium.uiautomator2.handler.request.SafeRequestHandler.handle(SafeRequestHandler.java:59)\n\tat io.appium.uiautomator2.server.AppiumServlet.handleRequest(AppiumServlet.java:267)\n\tat io.appium.uiautomator2.server.AppiumServlet.handleHttpRequest(AppiumServlet.java:261)\n\tat io.appium.uiautomator2.http.ServerHandler.channelRead(ServerHandler.java:77)\n\tat io.netty.channel.AbstractChannelHandlerContext.fireChannelRead(AbstractChannelHandlerContext.java:356)\n\tat io.netty.handler.codec.M...
[38;5;101m[f07a0af4][0m[38;5;86m[HTTP][0m [37m<-- POST /session/f07a0af4-ed1a-46ba-8298-ea992d885954/element [39m[33m404[39m [90m111 ms - 867[39m [90m[39m
[38;5;101m[f07a0af4][0m[38;5;86m[HTTP][0m [37m-->[39m [37mPOST[39m [37m/session/f07a0af4-ed1a-46ba-8298-ea992d885954/element[39m [90m{"using":"xpath","value":"//*[@text='Settings' or @text='Config' or @text='Configurações' or @resource-id='com.android.settings:id/homepage_title']"}[39m
[38;5;101m[f07a0af4][0m[38;5;-55m[AndroidUiautomator2Driver@c0b1][0m Got response with status 404: {"sessionId":"28994813-e2d4-4663-b549-3bfa22f8a967","value":{"error":"no such element","message":"An element could not be located on the page using the given search parameters","stacktrace":"io.appium.uiautomator2.common.exceptions.ElementNotFoundException: An element could not be located on the page using the given search parameters\n\tat io.appium.uiautomator2.utils.ElementLocationHelpers.findElement(ElementLocationHelpers.java:153)\n\tat io.appium.uiautomator2.handler.FindElement.safeHandle(FindElement.java:60)\n\tat io.appium.uiautomator2.handler.request.SafeRequestHandler.handle(SafeRequestHandler.java:59)\n\tat io.appium.uiautomator2.server.AppiumServlet.handleRequest(AppiumServlet.java:267)\n\tat io.appium.uiautomator2.server.AppiumServlet.handleHttpRequest(AppiumServlet.java:261)\n\tat io.appium.uiautomator2.http.ServerHandler.channelRead(ServerHandler.java:77)\n\tat io.netty.channel.AbstractChannelHandlerContext.fireChannelRead(AbstractChannelHandlerContext.java:356)\n\tat io.netty.handler.codec.M...
[38;5;101m[f07a0af4][0m[38;5;86m[HTTP][0m [37m<-- POST /session/f07a0af4-ed1a-46ba-8298-ea992d885954/element [39m[33m404[39m [90m124 ms - 867[39m [90m[39m
[38;5;101m[f07a0af4][0m[38;5;86m[HTTP][0m [37m-->[39m [37mPOST[39m [37m/session/f07a0af4-ed1a-46ba-8298-ea992d885954/element[39m [90m{"using":"xpath","value":"//*[@text='Settings' or @text='Config' or @text='Configurações' or @resource-id='com.android.settings:id/homepage_title']"}[39m
[38;5;101m[f07a0af4][0m[38;5;-55m[AndroidUiautomator2Driver@c0b1][0m Got response with status 404: {"sessionId":"28994813-e2d4-4663-b549-3bfa22f8a967","value":{"error":"no such element","message":"An element could not be located on the page using the given search parameters","stacktrace":"io.appium.uiautomator2.common.exceptions.ElementNotFoundException: An element could not be located on the page using the given search parameters\n\tat io.appium.uiautomator2.utils.ElementLocationHelpers.findElement(ElementLocationHelpers.java:153)\n\tat io.appium.uiautomator2.handler.FindElement.safeHandle(FindElement.java:60)\n\tat io.appium.uiautomator2.handler.request.SafeRequestHandler.handle(SafeRequestHandler.java:59)\n\tat io.appium.uiautomator2.server.AppiumServlet.handleRequest(AppiumServlet.java:267)\n\tat io.appium.uiautomator2.server.AppiumServlet.handleHttpRequest(AppiumServlet.java:261)\n\tat io.appium.uiautomator2.http.ServerHandler.channelRead(ServerHandler.java:77)\n\tat io.netty.channel.AbstractChannelHandlerContext.fireChannelRead(AbstractChannelHandlerContext.java:356)\n\tat io.netty.handler.codec.M...
[38;5;101m[f07a0af4][0m[38;5;86m[HTTP][0m [37m<-- POST /session/f07a0af4-ed1a-46ba-8298-ea992d885954/element [39m[33m404[39m [90m162 ms - 867[39m [90m[39m
[38;5;101m[f07a0af4][0m[38;5;86m[HTTP][0m [37m-->[39m [37mPOST[39m [37m/session/f07a0af4-ed1a-46ba-8298-ea992d885954/element[39m [90m{"using":"xpath","value":"//*[@text='Settings' or @text='Config' or @text='Configurações' or @resource-id='com.android.settings:id/homepage_title']"}[39m
[38;5;101m[f07a0af4][0m[38;5;-55m[AndroidUiautomator2Driver@c0b1][0m Got response with status 404: {"sessionId":"28994813-e2d4-4663-b549-3bfa22f8a967","value":{"error":"no such element","message":"An element could not be located on the page using the given search parameters","stacktrace":"io.appium.uiautomator2.common.exceptions.ElementNotFoundException: An element could not be located on the page using the given search parameters\n\tat io.appium.uiautomator2.utils.ElementLocationHelpers.findElement(ElementLocationHelpers.java:153)\n\tat io.appium.uiautomator2.handler.FindElement.safeHandle(FindElement.java:60)\n\tat io.appium.uiautomator2.handler.request.SafeRequestHandler.handle(SafeRequestHandler.java:59)\n\tat io.appium.uiautomator2.server.AppiumServlet.handleRequest(AppiumServlet.java:267)\n\tat io.appium.uiautomator2.server.AppiumServlet.handleHttpRequest(AppiumServlet.java:261)\n\tat io.appium.uiautomator2.http.ServerHandler.channelRead(ServerHandler.java:77)\n\tat io.netty.channel.AbstractChannelHandlerContext.fireChannelRead(AbstractChannelHandlerContext.java:356)\n\tat io.netty.handler.codec.M...
[38;5;101m[f07a0af4][0m[38;5;86m[HTTP][0m [37m<-- POST /session/f07a0af4-ed1a-46ba-8298-ea992d885954/element [39m[33m404[39m [90m102 ms - 867[39m [90m[39m
[38;5;101m[f07a0af4][0m[38;5;86m[HTTP][0m [37m-->[39m [37mPOST[39m [37m/session/f07a0af4-ed1a-46ba-8298-ea992d885954/element[39m [90m{"using":"xpath","value":"//*[@text='Settings' or @text='Config' or @text='Configurações' or @resource-id='com.android.settings:id/homepage_title']"}[39m
[38;5;101m[f07a0af4][0m[38;5;-55m[AndroidUiautomator2Driver@c0b1][0m Got response with status 404: {"sessionId":"28994813-e2d4-4663-b549-3bfa22f8a967","value":{"error":"no such element","message":"An element could not be located on the page using the given search parameters","stacktrace":"io.appium.uiautomator2.common.exceptions.ElementNotFoundException: An element could not be located on the page using the given search parameters\n\tat io.appium.uiautomator2.utils.ElementLocationHelpers.findElement(ElementLocationHelpers.java:153)\n\tat io.appium.uiautomator2.handler.FindElement.safeHandle(FindElement.java:60)\n\tat io.appium.uiautomator2.handler.request.SafeRequestHandler.handle(SafeRequestHandler.java:59)\n\tat io.appium.uiautomator2.server.AppiumServlet.handleRequest(AppiumServlet.java:267)\n\tat io.appium.uiautomator2.server.AppiumServlet.handleHttpRequest(AppiumServlet.java:261)\n\tat io.appium.uiautomator2.http.ServerHandler.channelRead(ServerHandler.java:77)\n\tat io.netty.channel.AbstractChannelHandlerContext.fireChannelRead(AbstractChannelHandlerContext.java:356)\n\tat io.netty.handler.codec.M...
[38;5;101m[f07a0af4][0m[38;5;86m[HTTP][0m [37m<-- POST /session/f07a0af4-ed1a-46ba-8298-ea992d885954/element [39m[33m404[39m [90m105 ms - 867[39m [90m[39m
[38;5;101m[f07a0af4][0m[38;5;86m[HTTP][0m [37m-->[39m [37mPOST[39m [37m/session/f07a0af4-ed1a-46ba-8298-ea992d885954/element[39m [90m{"using":"xpath","value":"//*[@text='Settings' or @text='Config' or @text='Configurações' or @resource-id='com.android.settings:id/homepage_title']"}[39m
[38;5;101m[f07a0af4][0m[38;5;-55m[AndroidUiautomator2Driver@c0b1][0m Got response with status 404: {"sessionId":"28994813-e2d4-4663-b549-3bfa22f8a967","value":{"error":"no such element","message":"An element could not be located on the page using the given search parameters","stacktrace":"io.appium.uiautomator2.common.exceptions.ElementNotFoundException: An element could not be located on the page using the given search parameters\n\tat io.appium.uiautomator2.utils.ElementLocationHelpers.findElement(ElementLocationHelpers.java:153)\n\tat io.appium.uiautomator2.handler.FindElement.safeHandle(FindElement.java:60)\n\tat io.appium.uiautomator2.handler.request.SafeRequestHandler.handle(SafeRequestHandler.java:59)\n\tat io.appium.uiautomator2.server.AppiumServlet.handleRequest(AppiumServlet.java:267)\n\tat io.appium.uiautomator2.server.AppiumServlet.handleHttpRequest(AppiumServlet.java:261)\n\tat io.appium.uiautomator2.http.ServerHandler.channelRead(ServerHandler.java:77)\n\tat io.netty.channel.AbstractChannelHandlerContext.fireChannelRead(AbstractChannelHandlerContext.java:356)\n\tat io.netty.handler.codec.M...
[38;5;101m[f07a0af4][0m[38;5;86m[HTTP][0m [37m<-- POST /session/f07a0af4-ed1a-46ba-8298-ea992d885954/element [39m[33m404[39m [90m146 ms - 867[39m [90m[39m
[38;5;101m[f07a0af4][0m[38;5;86m[HTTP][0m [37m-->[39m [37mPOST[39m [37m/session/f07a0af4-ed1a-46ba-8298-ea992d885954/element[39m [90m{"using":"xpath","value":"//*[@text='Settings' or @text='Config' or @text='Configurações' or @resource-id='com.android.settings:id/homepage_title']"}[39m
[38;5;101m[f07a0af4][0m[38;5;-55m[AndroidUiautomator2Driver@c0b1][0m Got response with status 404: {"sessionId":"28994813-e2d4-4663-b549-3bfa22f8a967","value":{"error":"no such element","message":"An element could not be located on the page using the given search parameters","stacktrace":"io.appium.uiautomator2.common.exceptions.ElementNotFoundException: An element could not be located on the page using the given search parameters\n\tat io.appium.uiautomator2.utils.ElementLocationHelpers.findElement(ElementLocationHelpers.java:153)\n\tat io.appium.uiautomator2.handler.FindElement.safeHandle(FindElement.java:60)\n\tat io.appium.uiautomator2.handler.request.SafeRequestHandler.handle(SafeRequestHandler.java:59)\n\tat io.appium.uiautomator2.server.AppiumServlet.handleRequest(AppiumServlet.java:267)\n\tat io.appium.uiautomator2.server.AppiumServlet.handleHttpRequest(AppiumServlet.java:261)\n\tat io.appium.uiautomator2.http.ServerHandler.channelRead(ServerHandler.java:77)\n\tat io.netty.channel.AbstractChannelHandlerContext.fireChannelRead(AbstractChannelHandlerContext.java:356)\n\tat io.netty.handler.codec.M...
[38;5;101m[f07a0af4][0m[38;5;86m[HTTP][0m [37m<-- POST /session/f07a0af4-ed1a-46ba-8298-ea992d885954/element [39m[33m404[39m [90m177 ms - 867[39m [90m[39m
[38;5;101m[f07a0af4][0m[38;5;86m[HTTP][0m [37m-->[39m [37mPOST[39m [37m/session/f07a0af4-ed1a-46ba-8298-ea992d885954/element[39m [90m{"using":"xpath","value":"//*[@text='Settings' or @text='Config' or @text='Configurações' or @resource-id='com.android.settings:id/homepage_title']"}[39m
[38;5;101m[f07a0af4][0m[38;5;86m[HTTP][0m [37m<-- POST /session/f07a0af4-ed1a-46ba-8298-ea992d885954/element [39m[32m200[39m [90m604 ms - 137[39m [90m[39m
[38;5;101m[f07a0af4][0m[38;5;86m[HTTP][0m [37m-->[39m [37mPOST[39m [37m/session/f07a0af4-ed1a-46ba-8298-ea992d885954/element[39m [90m{"using":"xpath","value":"//*[@text='Settings' or @text='Config' or @text='Configurações' or @resource-id='com.android.settings:id/homepage_title']"}[39m
[38;5;101m[f07a0af4][0m[38;5;86m[HTTP][0m [37m<-- POST /session/f07a0af4-ed1a-46ba-8298-ea992d885954/element [39m[32m200[39m [90m102 ms - 137[39m [90m[39m
[38;5;101m[f07a0af4][0m[38;5;86m[HTTP][0m [37m-->[39m [37mGET[39m [37m/session/f07a0af4-ed1a-46ba-8298-ea992d885954/element/00000000-0000-0002-ffff-ffff00000081/displayed[39m [90m[39m
[38;5;101m[f07a0af4][0m[38;5;86m[HTTP][0m [37m<-- GET /session/f07a0af4-ed1a-46ba-8298-ea992d885954/element/00000000-0000-0002-ffff-ffff00000081/displayed [39m[32m200[39m [90m18 ms - 14[39m [90m[39m
[38;5;101m[f07a0af4][0m[38;5;86m[HTTP][0m [37m-->[39m [37mGET[39m [37m/session/f07a0af4-ed1a-46ba-8298-ea992d885954/screenshot[39m [90m[39m
[38;5;101m[f07a0af4][0m[38;5;86m[HTTP][0m [37m<-- GET /session/f07a0af4-ed1a-46ba-8298-ea992d885954/screenshot [39m[32m200[39m [90m1923 ms - 3242664[39m [90m[39m
[38;5;101m[f07a0af4][0m[38;5;86m[HTTP][0m [37m-->[39m [37mPOST[39m [37m/session/f07a0af4-ed1a-46ba-8298-ea992d885954/element[39m [90m{"using":"xpath","value":"//*[contains(@resource-id, 'search') or contains(@content-desc, 'Search') or contains(@content-desc, 'Pesquisar')]"}[39m
[38;5;101m[f07a0af4][0m[38;5;86m[HTTP][0m [37m<-- POST /session/f07a0af4-ed1a-46ba-8298-ea992d885954/element [39m[32m200[39m [90m366 ms - 137[39m [90m[39m
[38;5;101m[f07a0af4][0m[38;5;86m[HTTP][0m [37m-->[39m [37mPOST[39m [37m/session/f07a0af4-ed1a-46ba-8298-ea992d885954/element[39m [90m{"using":"xpath","value":"//*[contains(@resource-id, 'search') or contains(@content-desc, 'Search') or contains(@content-desc, 'Pesquisar')]"}[39m
[38;5;101m[f07a0af4][0m[38;5;86m[HTTP][0m [37m<-- POST /session/f07a0af4-ed1a-46ba-8298-ea992d885954/element [39m[32m200[39m [90m92 ms - 137[39m [90m[39m
[38;5;101m[f07a0af4][0m[38;5;86m[HTTP][0m [37m-->[39m [37mPOST[39m [37m/session/f07a0af4-ed1a-46ba-8298-ea992d885954/element/00000000-0000-009d-ffff-ffff00000061/click[39m [90m{}[39m
[38;5;101m[f07a0af4][0m[38;5;86m[HTTP][0m [37m<-- POST /session/f07a0af4-ed1a-46ba-8298-ea992d885954/element/00000000-0000-009d-ffff-ffff00000061/click [39m[32m200[39m [90m74 ms - 14[39m [90m[39m
[38;5;101m[f07a0af4][0m[38;5;86m[HTTP][0m [37m-->[39m [37mGET[39m [37m/session/f07a0af4-ed1a-46ba-8298-ea992d885954/screenshot[39m [90m[39m
[38;5;101m[f07a0af4][0m[38;5;86m[HTTP][0m [37m<-- GET /session/f07a0af4-ed1a-46ba-8298-ea992d885954/screenshot [39m[32m200[39m [90m888 ms - 138816[39m [90m[39m
[38;5;101m[f07a0af4][0m[38;5;86m[HTTP][0m [37m-->[39m [37mDELETE[39m [37m/session/f07a0af4-ed1a-46ba-8298-ea992d885954[39m [90m[39m
[38;5;101m[f07a0af4][0m[38;5;188m[AppiumDriver@1fdc][0m Removing session f07a0af4-ed1a-46ba-8298-ea992d885954 from our master session list
[38;5;101m[f07a0af4][0m[38;5;-55m[AndroidUiautomator2Driver@c0b1][0m Restoring hidden api policy to the device default configuration
[38;5;101m[f07a0af4][0m[38;5;86m[HTTP][0m [37m<-- DELETE /session/f07a0af4-ed1a-46ba-8298-ea992d885954 [39m[32m200[39m [90m1564 ms - 14[39m [90m[39m
